1616879779047	geckodriver	INFO	Listening on 127.0.0.1:58536
1616879782238	mozrunner::runner	INFO	Running command: "C:\\Program Files\\Mozilla Firefox\\firefox.exe" "--marionette" "-foreground" "-no-remote" "-profile" "C:\\Users\\Samsung\\AppData\\Local\\Temp\\rust_mozprofileFDB46I"
[Parent 9412, IPC I/O Parent] WARNING: file /builds/worker/checkouts/gecko/ipc/chromium/src/base/process_util_win.cc:167
console.warn: SearchSettings: "get: No settings file exists, new profile?" (new Error("", "(unknown module)"))
console.error: Region.jsm: "Error fetching region" (new Error("TIMEOUT", "resource://gre/modules/Region.jsm", 775))
console.error: Region.jsm: "Failed to fetch region" (new Error("TIMEOUT", "resource://gre/modules/Region.jsm", 422))
1616879853603	Marionette	INFO	Listening on port 58544
console.log: WebExtensions: reset-default-search: No addons in our list are installed.
JavaScript error: , line 0: NS_ERROR_NOT_AVAILABLE
a Firefox\\firefox.exe" "--marionette" "-foreground" "-no-remote" "-profile" "C:\\Users\\Samsung\\AppData\\Local\\Temp\\rust_mozprofilet3cK5b"
console.warn: SearchSettings: "get: No settings file exists, new profile?" (new Error("", "(unknown module)"))
console.error: Region.jsm: "Error fetching region" (new Error("TIMEOUT", "resource://gre/modules/Region.jsm", 775))
console.error: Region.jsm: "Failed to fetch region" (new Error("TIMEOUT", "resource://gre/modules/Region.jsm", 422))
1616880152349	Marionette	INFO	Listening on port 58637
1616880156724	Marionette	WARN	TLS certificate errors will be ignored for this session
1616880202512	Marionette	WARN	TimedPromise timed out after 500 ms: stacktrace:
TimedPromise/<@chrome://marionette/content/sync.js:231:19
TimedPromise@chrome://marionette/content/sync.js:216:10
interaction.flushEventLoop@chrome://marionette/content/interaction.js:433:10
webdriverClickElement@chrome://marionette/content/interaction.js:179:31
A content process crashed and MOZ_CRASHREPORTER_SHUTDOWN is set, shutting down
1617020961671	geckodriver	INFO	Listening on 127.0.0.1:60939
1617020971188	mozrunner::runner	INFO	Running command: "C:\\Program Files\\Mozilla Firefox\\firefox.exe" "--marionette" "-foreground" "-no-remote" "-profile" "C:\\Users\\Samsung\\AppData\\Local\\Temp\\rust_mozprofile2WTnsu"
console.error: Region.jsm: "Error fetching region" (new Error("TIMEOUT", "resource://gre/modules/Region.jsm", 775))
console.error: Region.jsm: "Failed to fetch region" (new Error("TIMEOUT", "resource://gre/modules/Region.jsm", 422))
console.warn: SearchSettings: "get: No settings console.warn: SearchSettings: "get: No settings file exists, new1617021294337	Marionette	INFO	Listening on port 60947
console.log: WebExtensions: reset-default-search: No addons in our list are installed.
JavaScript error: resource://gre/modules/psm/RemoteSecuritySettings.jsm, line 441: Error: TelemetryStopwatch: key "INTERMEDIATE_PRELOADING_UPDATE_TIME_MS" was already initialized
JavaScript error: resource://gre/modules/psm/RemoteSecuritySettings.jsm, line 506: Error: TelemetryStopwatch: finishing nonexisting stopwatch. Histogram: "INTERMEDIATE_PRELOADING_UPDATE_TIME_MS", key: ""
JavaScript error: resource://gre/modules/psm/RemoteSecuritySettings.jsm, line 506: Error: TelemetryStopwatch: finishing nonexisting stopwatch. Histogram: "INTERMEDIATE_PRELOADING_UPDATE_TIME_MS", key: ""
JavaScript error: , line 0: NS_ERROR_NOT_AVAILABLE
console.error: (new Error("SessionFile is closed", "resource:///modules/sessionstore/SessionFile.jsm", 433))
WARNING: At least one completion condition is taking too long to complete. Conditions: [{"name":"Places Connection shutdown","state":{"PlacesShutdownProgress":5},"filename":"/builds/worker/checkouts/gecko/toolkit/components/places/Database.cpp","lineNumber":476,"stack":["resource://gre/modules/nsAsyncShutdown.jsm:addBlocker:162","resource://gre/modules/PlacesUtils.jsm:null:1934","resource://gre/modules/XPCOMUtils.jsm:get:58","resource://gre/modules/PageThumbs.jsm:WARNING: At least one completion condition is taking too long to complete. Conditions: [{"name":"Places Connection shutdown","state":{"PlacesShutdownProgress":5},"filename":"/builds/worker/checkouts/gecko/toolkit/components/places/Database.cpp","lineNumber":476,"stack":["resource://gre/modules/nsAsyncShutdown.jsm:addBlocker:162","resource://gre/modules/PlacesUtils.jsm:null:1934","resource://gre/modules/XPCOMUtils.jsm:get:58","resource://gre/modules/PageThumbs.jsm:PageThumbs_init:116","resource:///modules/BrowserGlue.jsm:BG__onFirstWindowLoaded:1835","resource:///modules/BrowserGlue.jsm:BG_observe:995","chrome://browser/content/browser.js:_delayedStartup:2142"]}] Barrier: profile-before-change
console.error: (new Error("SessionFile is closed", "resource:///modules/sessionstore/SessionFile.jsm", 433))
1617022328393	Marionette	INFO	Stopped listening on port 61037
source:///modules/sessionstore/SessionFile.jsm:368:12\n_postToWorker@resource:///modules/sessionstore/SessionFile.jsm:410:16\nwrite@resource:///modules/sessionstore/SessionFile.jsm:448:24\nwrite@resource:///modules/sessionstore/SessionFile.jsm:75:32\n_writeState@resource:///modules/sessionstore/SessionSaver.jsm:360:24\n_saveState@resource:///modules/sessionstore/SessionSaver.jsm:294:17\n_saveStateAsync@resource:///modules/sessionstore/SessionSaver.jsm:344:10\nsaveStateAsyncWhenIdle@resource:///modules/sessionstore/SessionSaver.jsm:191:14\ncallback@resource://gre/modules/Timer.jsm:127:16\n"
1617021522200	Marionette	INFO	Listening on port 61178
console.log: WebExtensions: reset-default-search: No addons in our list are installed.
JavaScript error: , line 0: NS_ERROR_NOT_AVAILABLE
console.error: (new Error("SessionFile is closed", "resource:///modules/sessionstore/SessionFile.jsm", 433))
1617022308349	Marionette	INFO	Stopped listening on port 61178
"get: No settings file exists, new profile?" (new Error("", "(unknown module)"))
console.error: Region.jsm: "Error fetching region" (new Error("TIMEOUT", "resource://gre/modules/Region.jsm", 775))
console.error: Region.jsm: "Failed to fetch region" (new Error("TIMEOUT", "resource://gre/modules/Region.jsm", 422))
1617021833432	Marionette	INFO	Listening on port 61268
1617021834206	Marionette	WARN	TLS certificate errors will be ignored for this session
[GFX1-]: WMF VPX decoder just crashed; hardware video will be disabled.
console.log: WebExtensions: reset-default-search: No addons in our list are installed.
1617022930676	Marionette	INFO	Stopped listening on port 61268
1617050338047	geckodriver	INFO	Listening on 127.0.0.1:54497
1617050342121	mozrunner::runner	INFO	Running command: "C:\\Program Files\\Mozilla Firefox\\firefox.exe" "--marionette" "-foreground" "-no-remote" "-profile" "C:\\Users\\Samsung\\AppData\\Local\\Temp\\rust_mozprofileMFm4lX"
console.error: Region.jsm: "Error fetching region" (new Error("TIMEOUT", "resource://gre/modules/Region.jsm", 775))
console.error: Region.jsm: "Failed to fetch region" (new Error("TIMEOUT", "resource://gre/modules/Region.jsm", 422))
console.warn: SearchSettings: "get: No settings file exists, new profile?" (new Error("", "(unknown module)"))
1617050471502	Marionette	INFO	Listening on port 54505
console.log: WebExtensions: reset-default-search: No addons in our list are installed.
JavaScript error: , line 0: NS_ERROR_NOT_AVAILABLE
console.error: Region.jsm: "Error fetching region" (new Error("TIMEOUT", "resource://gre/modules/Region.jsm", 775))
console.error: Region.jsm: "Failed to fetch region" (new Error("TIMEOUT", "resource://gre/modules/Region.jsm", 422))
console.error: Region.jsm: "Error fetching region" (new Error("TIMEOUT", "resource://gre/modules/Region.jsm", 775))
console.error: Region.jsm: "Failed to fetch region" (new Error("TIMEOUT", "resource://gre/modules/Region.jsm", 422))

###!!! [Child][RunMessage] Error: Channel closing: too late to send/recv, messages will be lost

1617058890790	Marionette	INFO	Stopped listening on port 54505

###!!! [Parent][RunMessage] Error: Channel closing: too late to send/recv, messages will be lost

E: Component returned failure code: 0x80070057 (NS_ERROR_ILLEGAL_VALUE) [nsIPrefBranch.removeObserver]
JavaScript error: resource://activity-stream/lib/ASRouter.jsm, line 969: TypeError: this._storage is null
1617051282783	geckodriver	INFO	Listening on 127.0.0.1:54672
1617051286306	mozrunner::runner	INFO	Running command: "C:\\Program Files\\Mozilla Firefox\\firefox.exe" "--marionette" "-foreground" "-no-remote" "-profile" "C:\\Users\\Samsung\\AppData\\Local\\Temp\\rust_mozprofileeaGSsG"
console.warn: SearchSettings: "get: No settings file exists, new profile?" (new Error("", "(unknown module)"))
[Parent 11900, IPC I/O Parent] WARNING: file /builds/worker/checkouts/gecko/ipc/chromium/src/base/process_util_win.cc:167
console.error: Region.jsm: "Error fetching region" (new Error("TIMEOUT", "resource://gre/modules/Region.jsm", 775))
console.error: Region.jsm: "Failed to fetch region" (new Error("TIMEOUT", "resource://gre/modules/Region.jsm", 422))
1617051359227	Marionette	INFO	Listening on port 54680
console.log: WebExtensions: reset-default-search: No addons in our list are installed.
JavaScript error: , line 0: NS_ERROR_NOT_AVAILABLE
A content process crashed and MOZ_CRASHREPORTER_SHUTDOWN is set, shutting down
console.error: (new Error("SessionFile is closed", "resource:///modules/sessionstore/SessionFile.jsm", 433))
1617055269666	Marionette	INFO	Stopped listening on port 54680

###!!! [Child][RunMessage] Error: Channel closing: too late to send/recv, messages will be lost

gion.jsm", 775))
console.error: Region.jsm: "Failed to fetch region" (new Error("TIMEOUT", "resource://gre/modules/Region.jsm", 422))
1617051609470	Marionette	INFO	Listening on port 54765
1617051612933	Marionette	WARN	TLS certificate errors will be ignored for this session
JavaScript error: https://urs.earthdata.nasa.gov/profile, line 183: ReferenceError: $ is not defined
console.log: WebExtensions: reset-default-search: No addons in our list are installed.
1617053305710	geckodriver	INFO	Listening on 127.0.0.1:55236
1617053309839	mozrunner::runner	INFO	Running command: "C:\\Program Files\\Mozilla Firefox\\firefox.exe" "--marionette" "-foreground" "-no-remote" "-profile" "C:\\Users\\Samsung\\AppData\\Local\\Temp\\rust_mozprofileLq0duK"

###!!! [Parent][RunMessage] Error: Channel error: cannot send/recv


###!!! [Parent][RunMessage] Error: Channel error: cannot send/recv


###!!! [Parent][RunMessage] Error: Channel error: cannot send/recv


###!!! [Parent][RunMessage] Error: Channel error: cannot send/recv


###!!! [Parent][RunMessage] Error: Channel error: cannot send/recv


###!!! [Parent][RunMessage] Error: Channel error: cannot send/recv


###!!! [Parent][RunMessage] Error: Channel error: cannot send/recv


###!!! [Parent][RunMessage] Error: Channel error: cannot send/recv


###!!! [Parent][RunMessage] Error: Channel error: cannot send/recv


###!!! [Parent][RunMessage] Error: Channel error: cannot send/recv

console.error: Region.jsm: "Error fetching region" (new Error("TIMEOUT", "resource://gre/modules/Region.jsm", 775))
console.error: Region.jsm: "Failed to fetch region" (new Error("TIMEOUT", "resource://gre/modules/Region.jsm", 422))

###!!! [Parent][RunMessage] Error: Channel error: cannot send/recv


###!!! [Parent][RunMessage] Error: Channel error: cannot send/recv

A content process crashed and MOZ_CRASHREPORTER_SHUTDOWN is set, shutting down
JavaScript error: resource://activity-stream/lib/ActivityStreamPrefs.jsm, line 27: NS_ERROR_ILLEGAL_VALUE: Component returned failure code: 0x80070057 (NS_ERROR_ILLEGAL_VALUE) [nsIPrefBranch.removeObserver]
console.warn: SearchSettings: "get: No settings file exists, new profile?" (new Error("", "(unknown module)"))
JavaScript error: resource://activity-stream/lib/ASRouterNewTabHook.jsm, line 61: TypeError: this._router is null
[Parent 17380, IPC I/O Parent] WARNING: file /builds/worker/checkouts/gecko/ipc/chromium/src/base/process_util_win.cc:167
console.warn: services.settings: main/fxmonitor-breaches sync interrupted by shutdown
console.error: (new Error("SessionFile is closed", "resource:///modules/sessionstore/SessionFile.jsm", 433))
console.error: "Could not load engine wikipedia@search.mozilla.org: [Exception... \"AddonManager is not initialized\"  nsresult: \"0xc1f30001 (NS_ERROR_NOT_INITIALIZED)\"  location: \"JS frame :: resource://gre/modules/AddonManager.jsm :: callAddonListeners :: line 1589\"  data: no]"
console.error: "Could not load engine mercadolivre@search.mozilla.org: [Exception... \"AddonManager is not initialized\"  nsresult: \"0xc1f30001 (NS_ERROR_NOT_INITIALIZED)\"  location: \"JS frame :: resource://gre/modules/AddonManager.jsm :: installBuiltinAddon :: line 2550\"  data: no]"
console.error: "Could not load engine bing@search.mozilla.org: [Exception... \"AddonManager is not initialized\"  nsresult: \"0xc1f30001 (NS_ERROR_NOT_INITIALIZED)\"  location: \"JS frame :: resource://gre/modules/AddonManager.jsm :: installBuiltinAddon :: line 2550\"  data: no]"
console.error: "Could not load engine ddg@search.mozilla.org: [Exception... \"AddonManager is not initialized\"  nsresult: \"0xc1f30001 (NS_ERROR_NOT_INITIALIZED)\"  location: \"JS frame :: resource://gre/modules/AddonManager.jsm :: installBuiltinAddon :: line 2550\"  data: no]"
console.warn: SearchService: "_init: abandoning init due to shutting down"
JavaScript error: resource://gre/modules/AsyncShutdown.jsm, line 573: uncaught exception: 2147500036
JavaScript error: resource://gre/modules/AsyncShutdown.jsm, line 573: uncaught exception: 2147500036
JavaScript error: resource://gre/modules/AsyncShutdown.jsm, line 573: uncaught exception: 2147500036
JavaScript error: resource://gre/modules/AsyncShutdown.jsm, line 573: uncaught exception: 2147500036
JavaScript error: resource://gre/modules/AsyncShutdown.jsm, line 573: uncaught exception: 2147500036

###!!! [Child][RunMessage] Error: Channel closing: too late to send/recv, messages will be lost

1617053545896	geckodriver	INFO	Listening on 127.0.0.1:55314
1617053549734	mozrunner::runner	INFO	Running command: "C:\\Program Files\\Mozilla Firefox\\firefox.exe" "--marionette" "-foreground" "-no-remote" "-profile" "C:\\Users\\Samsung\\AppData\\Local\\Temp\\rust_mozprofileI8KrO8"
console.warn: SearchSettings: "get: No settings file exists, new profile?" (new Error("", "(unknown module)"))
console.error: Region.jsm: "Error fetching region" (new Error("TIMEOUT", "resource://gre/modules/Region.jsm", 775))
console.error: Region.jsm: "Failed to fetch region" (new Error("TIMEOUT", "resource://gre/modules/Region.jsm", 422))
1617053614819	Marionette	INFO	Listening on port 55322
console.log: WebExtensions: reset-default-search: No addons in our list are installed.
JavaScript error: , line 0: NS_ERROR_NOT_AVAILABLE
console.error: Region.jsm: "Error fetching region" (new Error("TIMEOUT", "resource://gre/modules/Region.jsm", 775))
console.error: Region.jsm: "Failed to fetch region" (new Error("TIMEOUT", "resource://gre/modules/Region.jsm", 422))
console.error: Region.jsm: "Error fetching region" (new AbortError("The operation was aborted. ", (void 0), 773))
console.error: Region.jsm: "Failed to fetch region" (new Error("NO_RESULT", "resource://gre/modules/Region.jsm", 422))

###!!! [Parent][MessageChannel] Error: (msgtype=0x3A0073,name=PContent::Msg_SuspendInputEventQueue) Channel error: cannot send/recv


###!!! [Parent][MessageChannel] Error: (msgtype=0x3A0071,name=PContent::Msg_FlushInputEventQueue) Channel error: cannot send/recv


###!!! [Parent][MessageChannel] Error: (msgtype=0x3A0072,name=PContent::Msg_ResumeInputEventQueue) Channel error: cannot send/recv


###!!! [Parent][MessageChannel] Error: (msgtype=0x3A0056,name=PContent::Msg_Shutdown) Channel error: cannot send/recv

A content process crashed and MOZ_CRASHREPORTER_SHUTDOWN is set, shutting down
console.error: (new Error("SessionFile is closed", "resource:///modules/sessionstore/SessionFile.jsm", 433))
WARNING: At least one completion condition is taking too long to complete. Conditions: [{"name":"Places Connection shutdown","state":{"PlacesShutdownProgress":5},"filename":"/builds/worker/checkouts/gecko/toolkit/components/places/Database.cpp","lineNumber":476,"stack":["resource://gre/modules/nsAsyncShutdown.jsm:addBlocker:162","resource://gre/modules/PlacesUtils.jsm:null:1934","resource://gre/modules/XPCOMUtils.jsm:get:58","resource://gre/modules/PageThumbs.jsm:PageThumbs_init:116","resource:///modules/BrowserGlue.jsm:BG__onFirstWindowLoaded:1835","resource:///modules/BrowserGlue.jsm:BG_observe:995","chrome://browser/content/browser.js:_delayedStartup:2142"]}] Barrier: profile-before-change
1617058524547	Marionette	INFO	Stopped listening on port 55322
##!!! [Parent][RunMessage] Error: Channel error: cannot send/recv


###!!! [Parent][RunMessage] Error: Channel error: cannot send/recv


###!!! [Parent][RunMessage] Error: Channel error: cannot send/recv


###!!! [Parent][RunMessage] Error: Channel error: cannot send/recv


###!!! [Parent][RunMessage] Error: Channel error: cannot send/recv


###!!! [Parent][RunMessage] Error: Channel error: cannot send/recv


###!!! [Parent][RunMessage] Error: Channel error: cannot send/recv


###!!! [Parent][RunMessage] Error: Channel error: cannot send/recv

console.error: Region.jsm: "Error fetching region" (new Error("TIMEOUT", "resource://gre/modules/Region.jsm", 775))
console.error: Region.jsm: "Failed to fetch region" (new Error("TIMEOUT", "resource://gre/modules/Region.jsm", 422))
console.warn: SearchSettings: "get: No settings file exists, new profile?" (new Error("", "(unknown module)"))
A content process crashed and MOZ_CRASHREPORTER_SHUTDOWN is set, shutting down
JavaScript error: resource://activity-stream/lib/ActivityStreamPrefs.jsm, line 27: NS_ERROR_ILLEGAL_VALUE: Component returned failure code: 0x80070057 (NS_ERROR_ILLEGAL_VALUE) [nsIPrefBranch.removeObserver]
JavaScript error: resource://activity-stream/lib/ASRouterNewTabHook.jsm, line 61: TypeError: this._router is null
[Parent 9928, IPC I/O Parent] WARNING: file /builds/worker/checkouts/gecko/ipc/chromium/src/base/process_util_win.cc:167
console.warn: services.settings: main/fxmonitor-breaches sync interrupted by shutdown
console.error: (new Error("SessionFile is closed", "resource:///modules/sessionstore/SessionFile.jsm", 433))
console.error: "Could not load engine wikipedia@search.mozilla.org: TypeError: AddonManagerInternal._getProviderByName(...) is undefined"
console.error: "Could not load engine mercadolivre@search.mozilla.org: TypeError: AddonManagerInternal._getProviderByName(...) is undefined"
console.error: "Could not load engine bing@search.mozilla.org: TypeError: AddonManagerInternal._getProviderByName(...) is undefined"
console.error: "Could not load engine ddg@search.mozilla.org: TypeError: AddonManagerInternal._getProviderByName(...) is undefined"
console.warn: SearchService: "_init: abandoning init due to shutting down"
JavaScript error: resource://gre/modules/AsyncShutdown.jsm, line 573: uncaught exception: 2147500036
JavaScript error: resource://gre/modules/AsyncShutdown.jsm, line 573: uncaught exception: 2147500036
JavaScript error: resource://gre/modules/AsyncShutdown.jsm, line 573: uncaught exception: 2147500036
JavaScript error: resource://gre/modules/AsyncShutdown.jsm, line 573: uncaught exception: 2147500036
JavaScript error: resource://gre/modules/AsyncShutdown.jsm, line 573: uncaught exception: 2147500036
[Parent 9928, IPC I/O Parent] WARNING: file /builds/worker/checkouts/gecko/ipc/chromium/src/base/process_util_win.cc:167
*** UTM:SVC TimerManager:registerTimer called after profile-before-change notification. Ignoring timer registration for id: telemetry_modules_ping
*** UTM:SVC TimerManager:registerTimer called after profile-before-change notification. Ignoring timer registration for id: telemetry_untrustedmodules_ping
1617055288165	geckodriver	INFO	Listening on 127.0.0.1:55846
1617055293577	mozrunner::runner	INFO	Running command: "C:\\Program Files\\Mozilla Firefox\\firefox.exe" "--marionette" "-foreground" "-no-remote" "-profile" "C:\\Users\\Samsung\\AppData\\Local\\Temp\\rust_mozprofileeg2iXL"
console.warn: SearchSettings: "get: No settings file exists, new profile?" (new Error("", "(unknown module)"))
1617055326572	Marionette	INFO	Listening on port 55854
1617055327229	Marionette	WARN	TLS certificate errors will be ignored for this session
console.log: WebExtensions: reset-default-search: No addons in our list are installed.
JavaScript error: https://cddis.nasa.gov/js/jquery-3.2.1.js, line 3689: NS_ERROR_NOT_INITIALIZED: 
1617056130613	Marionette	INFO	Stopped listening on port 55854

###!!! [Child][RunMessage] Error: Channel closing: too late to send/recv, messages will be lost

1617056787058	geckodriver	INFO	Listening on 127.0.0.1:56214
1617056794295	mozrunner::runner	INFO	Running command: "C:\\Program Files\\Mozilla Firefox\\firefox.exe" "--marionette" "-foreground" "-no-remote" "-profile" "C:\\Users\\Samsung\\AppData\\Local\\Temp\\rust_mozprofilekGUflw"
[Parent 18244, IPC I/O Parent] WARNING: file /builds/worker/checkouts/gecko/ipc/chromium/src/base/process_util_win.cc:167
console.error: Region.jsm: "Error fetching region" (new Error("TIMEOUT", "resource://gre/modules/Region.jsm", 775))
console.error: Region.jsm: "Failed to fetch region" (new Error("TIMEOUT", "resource://gre/modules/Region.jsm", 422))
console.warn: SearchSettings: "get: No settings file exists, new profile?" (new Error("", "(unknown module)"))
1617057042573	Marionette	INFO	Listening on port 56222
console.log: WebExtensions: reset-default-search: No addons in our list are installed.
JavaScript error: , line 0: NS_ERROR_NOT_AVAILABLE
[GFX1-]: Killing GPU process due to IPC reply timeout
[GFX1-]: Failed as lost WebRenderBridgeChild.
[GFX1-]: Failed to create remote compositor
[Parent 18244, Main Thread] WARNING: base::KillProcess refusing to terminate process handle 0: file /builds/worker/checkouts/gecko/ipc/chromium/src/base/process_util_win.cc:402

###!!! [Child][RunMessage] Error: Channel error: cannot send/recv


###!!! [Child][MessageChannel] Error: (msgtype=0x37000C,name=PCompositorBridge::Msg___delete__) Channel error: cannot send/recv


###!!! [Child][MessageChannel] Error: (msgtype=0x37000C,name=PCompositorBridge::Msg___delete__) Channel error: cannot send/recv


###!!! [Child][MessageChannel] Error: (msgtype=0x37000C,name=PCompositorBridge::Msg___delete__) Channel error: cannot send/recv

[GFX1-]: Receive IPC close with reason=AbnormalShutdown

###!!! [Child][MessageChannel::SendAndWait] Error: (msgtype=0xB50026,name=PWebRenderBridge::Msg_ShutdownSync) Channel error: cannot send/recv


###!!! [Child][MessageChannel::SendAndWait] Error: (msgtype=0x370019,name=PCompositorBridge::Msg_WillClose) Channel error: cannot send/recv

[GFX1-]: Compositors might be mixed (5,1)
[GFX1-]: Receive IPC close with reason=AbnormalShutdown

###!!! [Child][MessageChannel] Error: (msgtype=0x370033,name=PCompositorBridge::Msg_PLayerTransactionConstructor) Channel error: cannot send/recv


###!!! [Child][MessageChannel] Error: (msgtype=0x370033,name=PCompositorBridge::Msg_PLayerTransactionConstructor) Channel error: cannot send/recv


###!!! [Child][MessageChannel::SendAndWait] Error: (msgtype=0x62001D,name=PLayerTransaction::Msg_GetTextureFactoryIdentifier) Channel error: cannot send/recv


###!!! [Child][MessageChannel::SendAndWait] Error: (msgtype=0x62001D,name=PLayerTransaction::Msg_GetTextureFactoryIdentifier) Channel error: cannot send/recv


###!!! [Child][MessageChannel] Error: (msgtype=0x620020,name=PLayerTransaction::Msg_Shutdown) Channel error: cannot send/recv


###!!! [Child][MessageChannel] Error: (msgtype=0x620020,name=PLayerTransaction::Msg_Shutdown) Channel error: cannot send/recv


###!!! [Child][MessageChannel] Error: (msgtype=0xD,name=PAPZ::Msg_Destroy) Channel error: cannot send/recv


###!!! [Child][MessageChannel::SendAndWait] Error: (msgtype=0x370019,name=PCompositorBridge::Msg_WillClose) Channel error: cannot send/recv


###!!! [Child][MessageChannel] Error: (msgtype=0x370033,name=PCompositorBridge::Msg_PLayerTransactionConstructor) Channel error: cannot send/recv


###!!! [Child][MessageChannel::SendAndWait] Error: (msgtype=0x62001D,name=PLayerTransaction::Msg_GetTextureFactoryIdentifier) Channel error: cannot send/recv


###!!! [Child][MessageChannel] Error: (msgtype=0x620020,name=PLayerTransaction::Msg_Shutdown) Channel error: cannot send/recv


###!!! [Child][MessageChannel] Error: (msgtype=0x370033,name=PCompositorBridge::Msg_PLayerTransactionConstructor) Channel error: cannot send/recv


###!!! [Child][MessageChannel::SendAndWait] Error: (msgtype=0x62001D,name=PLayerTransaction::Msg_GetTextureFactoryIdentifier) Channel error: cannot send/recv


###!!! [Child][MessageChannel] Error: (msgtype=0x620020,name=PLayerTransaction::Msg_Shutdown) Channel error: cannot send/recv


###!!! [Child][MessageChannel::SendAndWait] Error: (msgtype=0x370019,name=PCompositorBridge::Msg_WillClose) Channel error: cannot send/recv

IPDL protocol error: Handler returned error code!

###!!! [Parent][DispatchSyncMessage] Error: PCompositorBridge::Msg_NotifyChildRecreated Processing error: message was deserialized, but the handler returned false (indicating failure)

[GFX1-]: Receive IPC close with reason=AbnormalShutdown
[GFX1-]: Receive IPC close with reason=AbnormalShutdown
1617058878516	Marionette	INFO	Stopped listening on port 56222
 Error: Channel error: cannot send/recv


###!!! [Parent][RunMessage] Error: Channel error: cannot send/recv


###!!! [Parent][RunMessage] Error: Channel error: cannot send/recv


###!!! [Parent][RunMessage] Error: Channel error: cannot send/recv


###!!! [Parent][RunMessage] Error: Channel error: cannot send/recv


###!!! [Parent][RunMessage] Error: Channel error: cannot send/recv


###!!! [Parent][RunMessage] Error: Channel error: cannot send/recv


###!!! [Parent][RunMessage] Error: Channel error: cannot send/recv


###!!! [Parent][RunMessage] Error: Channel error: cannot send/recv


###!!! [Parent][MessageChannel] Error: (msgtype=0x3A0073,name=PContent::Msg_SuspendInputEventQueue) Channel error: cannot send/recv


###!!! [Parent][MessageChannel] Error: (msgtype=0x3A0071,name=PContent::Msg_FlushInputEventQueue) Channel error: cannot send/recv


###!!! [Parent][MessageChannel] Error: (msgtype=0x3A0072,name=PContent::Msg_ResumeInputEventQueue) Channel error: cannot send/recv


###!!! [Parent][MessageChannel] Error: (msgtype=0x3A0056,name=PContent::Msg_Shutdown) Channel error: cannot send/recv

A content process crashed and MOZ_CRASHREPORTER_SHUTDOWN is set, shutting down

###!!! [Child][MessageChannel] Error: (msgtype=0x540023,name=PGPU::Msg_InitCrashReporter) Channel error: cannot send/recv

A content process crashed and MOZ_CRASHREPORTER_SHUTDOWN is set, shutting down
console.error: (new Error("SessionFile is closed", "resource:///modules/sessionstore/SessionFile.jsm", 433))
WARNING: At least one completion condition is taking too long to complete. Conditions: [{"name":"Places Connection shutdown","state":{"PlacesShutdownProgress":5},"filename":"/builds/worker/checkouts/gecko/toolkit/components/places/Database.cpp","lineNumber":476,"stack":["resource://gre/modules/nsAsyncShutdown.jsm:addBlocker:162","resource://gre/modules/PlacesUtils.jsm:null:1934","resource://gre/modules/XPCOMUtils.jsm:get:58","resource://gre/modules/PageThumbs.jsm:PageThumbs_init:116","resource:///modules/BrowserGlue.jsm:BG__onFirstWindowLoaded:1835","resource:///modules/BrowserGlue.jsm:BG_observe:995","chrome://browser/content/browser.js:_delayedStartup:2142"]}] Barrier: profile-before-change
1617058524337	Marionette	INFO	Stopped listening on port 56308
1617059283065	geckodriver	INFO	Listening on 127.0.0.1:56872
1617059294467	mozrunner::runner	INFO	Running command: "C:\\Program Files\\Mozilla Firefox\\firefox.exe" "--marionette" "-foreground" "-no-remote" "-profile" "C:\\Users\\Samsung\\AppData\\Local\\Temp\\rust_mozprofileaHNwlv"
console.error: Region.jsm: "Error fetching region" (new Error("TIMEOUT", "resource://gre/modules/Region.jsm", 775))
console.error: Region.jsm: "Failed to fetch region" (new Error("TIMEOUT", "resource://gre/modules/Region.jsm", 422))
console.warn: SearchSettings: "get: No settings file exists, new profile?" (new Error("", "(unknown module)"))
1617059681638	Marionette	INFO	Listening on port 56880
console.log: WebExtensions: reset-default-search: No addons in our list are installed.
JavaScript error: , line 0: NS_ERROR_NOT_AVAILABLE

###!!! [Parent][MessageChannel] Error: (msgtype=0x3A0073,name=PContent::Msg_SuspendInputEventQueue) Channel error: cannot send/recv


###!!! [Parent][MessageChannel] Error: (msgtype=0x3A0071,name=PContent::Msg_FlushInputEventQueue) Channel error: cannot send/recv


###!!! [Parent][MessageChannel] Error: (msgtype=0x3A0072,name=PContent::Msg_ResumeInputEventQueue) Channel error: cannot send/recv


###!!! [Parent][MessageChannel] Error: (msgtype=0x3A0056,name=PContent::Msg_Shutdown) Channel error: cannot 
###!!! [Parent][MessageChannel] Error: (msgtype=0x3A0073,name=PContent::Msg_SuspendInputEventQueue) Channel error: cannot send/recv


###!!! [Parent][MA content process crashed and MOZ_CRASHREPORTER_SHUTDOWN is set, shutting down
console.error: (new Error("SessionFile is closed", "resource:///modules/sessionstore/SessionFile.jsm", 433))
WARNING: At least one completion condition is taking too long to complete. Conditions: [{"name":"Places Connection shutdown","state":{"PlacesShutdownProgress":5},"filename":"/builds/worker/checkouts/gecko/toolkit/components/places/Database.cpp","lineNumber":476,"stack":["resource://gre/modules/nsAsyncShutdown.jsm:addBlocker:162","resource://gre/modules/PlacesUtils.jsm:null:1934","resource://gre/modules/XPCOMUtils.jsm:get:58","resource://gre/modules/PageThumbs.jsm:PageThumbs_init:116","resource:///modules/BrowserGlue.jsm:BG__onFirstWindowLoaded:1835","resource:///modules/BrowserGlue.jsm:BG_obWARNING: At least one completion condition is taking too long to complete. Conditions: [{"name":"Places C1617112435818	Marionette	INFO	Stopped listening on port 56880
ame":"/builds/worker/checkouts/gecko/toolkit/components/places/Database.cpp","lineNumber":476,"stack":["resource://gre/modules/nsAsyncShutdown.jsm:addBlocker:162","resource://gre/modules/PlacesUtils.jsm:null:1934","resource://gre/modules/XPCOMUtils.jsm:get:58","resource://gre/modules/PageThumbs.jsm:PageThumbs_init:116","resource:///modules/BrowserGlue.jsm:BG__onFirstWindowLoaded:1835","resource:///modules/BrowserGlue.jsm:BG_observe:995","chrome://browser/content/browser.js:_delayedStartup:2142"]}] Barrier: profile-before-change
1617112436037	Marionette	INFO	Stopped listening on port 56923
odules/Region.jsm", 422))
utdown
console.warn: SearchSettings: "get: No settings file exists, new profile?" (new Error("", "(unknown module)"))
console.error: Region.jsm: "Error fetching region" (new Error("TIMEOUT", "resource://gre/modules/Region.jsm", 775))
console.error: Region.jsm: "Failed to fetch region" (new Error("TIMEOUT", "resource://gre/modules/Region.jsm", 422))
1617059876425	Marionette	INFO	Listening on port 57101
1617059880671	Marionette	WARN	TLS certificate errors will be ignored for this session
[Parent 11720, IPC I/O Parent] WARNING: file /builds/worker/checkouts/gecko/ipc/chromium/src/base/process_util_win.cc:167
console.log: WebExtensions: reset-default-search: No addons in our list are installed.
1617060496040	geckodriver	INFO	Listening on 127.0.0.1:57349
1617060504671	mozrunner::runner	INFO	Running command: "C:\\Program Files\\Mozilla Firefox\\firefox.exe" "--marionette" "-foreground" "-no-remote" "-profile" "C:\\Users\\Samsung\\AppData\\Local\\Temp\\rust_mozprofilejDObba"
[GFX1-]: Killing GPU process due to IPC reply timeout
[GFX1-]: Failed to create remote compositor
[Parent 17828, Main Thread] WARNING: base::KillProcess refusing to terminate process handle 0: file /builds/worker/checkouts/gecko/ipc/chromium/src/base/process_util_win.cc:402
[GFX1-]: Receive IPC close with reason=AbnormalShutdown
console.warn: SearchSettings: "get: No settings file exists, new profile?" (new Error("", "(unknown module)"))
1617060548713	Marionette	INFO	Listening on port 57358
1617060548958	Marionette	WARN	TLS certificate errors will be ignored for this session
console.log: WebExtensions: reset-default-search: No addons in our list are installed.
JavaScript error: , line 0: NS_ERROR_NOT_AVAILABLE
1617061495931	Marionette	WARN	Ignoring event 'pageshow' because document has an invalid readyState of 'uninitialized'.
1617061512797	Marionette	INFO	Stopped listening on port 57358
console.error: (new Error("SessionFile is closed", "resource:///modules/sessionstore/SessionFile.jsm", 433))
1617151164304	geckodriver	INFO	Listening on 127.0.0.1:64933
1617151167986	mozrunner::runner	INFO	Running command: "C:\\Program Files\\Mozilla Firefox\\firefox.exe" "--marionette" "-foreground" "-no-remote" "-profile" "C:\\Users\\Samsung\\AppData\\Local\\Temp\\rust_mozprofileIhRd7q"
1617151564526	geckodriver	INFO	Listening on 127.0.0.1:64980
1617151569904	mozrunner::runner	INFO	Running command: "C:\\Program Files\\Mozilla Firefox\\firefox.exe" "--marionette" "-foreground" "-no-remote" "-profile" "C:\\Users\\Samsung\\AppData\\Local\\Temp\\rust_mozprofileGYpaMP"
[Parent 11992, IPC I/O Parent] WARNING: file /builds/worker/checkouts/gecko/ipc/chromium/src/base/process_util_win.cc:167
console.error: Region.jsm: "Error fetching region" (new Error("TIMEOUT", "resource://gre/modules/Region.jsm", 775))
console.error: Region.jsm: "Failed to fetch region" (new Error("TIMEOUT", "resource://gre/modules/Region.jsm", 422))
console.warn: SearchSettings: "get: No settings file exists, new profile?" (new Error("", "(unknown module)"))
1617151688159	Marionette	INFO	Listening on port 64989
console.log: WebExtensions: reset-default-search: No addons in our list are installed.
JavaScript error: , line 0: NS_ERROR_NOT_AVAILABLE
[Parent 11992, IPC I/O Parent] WARNING: file /builds/worker/checkouts/gecko/ipc/chromium/src/base/process_util_win.cc:167
[Parent 11992, IPC I/O Parent] WARNING: file /builds/worker/checkouts/gecko/ipc/chromium/src/base/process_util_win.cc:167
1617152677612	Marionette	INFO	Stopped listening on port 64989

###!!! [Child][RunMessage] Error: Channel closing: too late to send/recv, messages will be lost

ion.jsm", 775))
console.error: Region.jsm: "Failed to fetch region" (new Error("TIMEOUT", "resource://gre/modules/Region.jsm", 422))
1617151900782	Marionette	WARN	TLS certificate errors will be ignored for this session
1617152204703	geckodriver	INFO	Listening on 127.0.0.1:65325
1617152207913	mozrunner::runner	INFO	Running command: "C:\\Program Files\\Mozilla Firefox\\firefox.exe" "--marionette" "-foreground" "-no-remote" "-profile" "C:\\Users\\Samsung\\AppData\\Local\\Temp\\rust_mozprofilefMdBOG"
console.warn: SearchSettings: "get: No settings file exists, new profile?" (new Error("", "(unknown module)"))
1617152228172	Marionette	INFO	Listening on port 65333
1617152228443	Marionette	WARN	TLS certificate errors will be ignored for this session
console.error: Region.jsm: "Error fetching region" (new Error("TIMEOUT", "resource://gre/modules/Region.jsm", 775))
console.error: Region.jsm: "Failed to fetch region" (new Error("TIMEOUT", "resource://gre/modules/Region.jsm", 422))
